<?xml version="1.0" encoding="UTF-8"?>
<coverage generated="1638098107580" clover="3.2.0">
  <project timestamp="1638098107580" name="All files">
    <metrics statements="5" coveredstatements="5" conditionals="2" coveredconditionals="2" methods="2" coveredmethods="2" elements="9" coveredelements="9" complexity="0" loc="5" ncloc="5" packages="2" files="2" classes="2"/>
    <package name="button">
      <metrics statements="2" coveredstatements="2" conditionals="2" coveredconditionals="2" methods="1" coveredmethods="1"/>
      <file name="button.tsx" path="C:\Drafts\react-course\e-commerce\client\src\views\components\button\button.tsx">
        <metrics statements="2" coveredstatements="2" conditionals="2" coveredconditionals="2" methods="1" coveredmethods="1"/>
        <line num="6" count="1" type="stmt"/>
        <line num="12" count="1" type="stmt"/>
      </file>
    </package>
    <package name="cart-item">
      <metrics statements="3" coveredstatements="3" conditionals="0" coveredconditionals="0" methods="1" coveredmethods="1"/>
      <file name="cart-item.tsx" path="C:\Drafts\react-course\e-commerce\client\src\views\components\cart-item\cart-item.tsx">
        <metrics statements="3" coveredstatements="3" conditionals="0" coveredconditionals="0" methods="1" coveredmethods="1"/>
        <line num="7" count="1" type="stmt"/>
        <line num="8" count="1" type="stmt"/>
        <line num="10" count="1" type="stmt"/>
      </file>
    </package>
  </project>
</coverage>
