{"C:\\Drafts\\react-course\\e-commerce\\client\\src\\views\\components\\button\\button.tsx": {"path":"C:\\Drafts\\react-course\\e-commerce\\client\\src\\views\\components\\button\\button.tsx","statementMap":{"0":{"start":{"line":6,"column":39},"end":{"line":17,"column":1}},"1":{"start":{"line":12,"column":2},"end":{"line":16,"column":4}}},"fnMap":{"0":{"name":"(anonymous_0)","decl":{"start":{"line":6,"column":39},"end":{"line":6,"column":40}},"loc":{"start":{"line":11,"column":6},"end":{"line":17,"column":1}},"line":11}},"branchMap":{"0":{"loc":{"start":{"line":8,"column":2},"end":{"line":8,"column":12}},"type":"default-arg","locations":[{"start":{"line":8,"column":10},"end":{"line":8,"column":12}}],"line":8},"1":{"loc":{"start":{"line":9,"column":2},"end":{"line":9,"column":16}},"type":"default-arg","locations":[{"start":{"line":9,"column":14},"end":{"line":9,"column":16}}],"line":9}},"s":{"0":1,"1":1},"f":{"0":1},"b":{"0":[1],"1":[1]},"_coverageSchema":"1a1c01bbd47fc00a2c39e90264f33305004495a9","hash":"af2333689425a042e697fba511c8b4aaff34a099"}
,"C:\\Drafts\\react-course\\e-commerce\\client\\src\\views\\components\\cart-item\\cart-item.tsx": {"path":"C:\\Drafts\\react-course\\e-commerce\\client\\src\\views\\components\\cart-item\\cart-item.tsx","statementMap":{"0":{"start":{"line":7,"column":43},"end":{"line":21,"column":2}},"1":{"start":{"line":8,"column":46},"end":{"line":8,"column":50}},"2":{"start":{"line":10,"column":2},"end":{"line":20,"column":4}}},"fnMap":{"0":{"name":"(anonymous_0)","decl":{"start":{"line":7,"column":48},"end":{"line":7,"column":49}},"loc":{"start":{"line":7,"column":62},"end":{"line":21,"column":1}},"line":7}},"branchMap":{},"s":{"0":1,"1":1,"2":1},"f":{"0":1},"b":{},"_coverageSchema":"1a1c01bbd47fc00a2c39e90264f33305004495a9","hash":"4114b1c086ca36101c5cc499e4d32cedde727911"}
}
