{"C:\\Drafts\\react-course\\e-commerce\\client\\src\\index.tsx": {"path":"C:\\Drafts\\react-course\\e-commerce\\client\\src\\index.tsx","statementMap":{"0":{"start":{"line":23,"column":0},"end":{"line":37,"column":2}},"1":{"start":{"line":39,"column":0},"end":{"line":39,"column":25}}},"fnMap":{},"branchMap":{},"s":{"0":0,"1":0},"f":{},"b":{}}
,"C:\\Drafts\\react-course\\e-commerce\\client\\src\\test-utils.tsx": {"path":"C:\\Drafts\\react-course\\e-commerce\\client\\src\\test-utils.tsx","statementMap":{"0":{"start":{"line":14,"column":32},"end":{"line":19,"column":1}},"1":{"start":{"line":25,"column":31},"end":{"line":38,"column":1}},"2":{"start":{"line":26,"column":25},"end":{"line":26,"column":41}},"3":{"start":{"line":28,"column":21},"end":{"line":28,"column":71}},"4":{"start":{"line":30,"column":27},"end":{"line":32,"column":3}},"5":{"start":{"line":31,"column":4},"end":{"line":31,"column":49}},"6":{"start":{"line":34,"column":2},"end":{"line":37,"column":4}},"7":{"start":{"line":51,"column":0},"end":{"line":57,"column":3}},"8":{"start":{"line":52,"column":2},"end":{"line":56,"column":4}}},"fnMap":{"0":{"name":"(anonymous_0)","decl":{"start":{"line":25,"column":31},"end":{"line":25,"column":32}},"loc":{"start":{"line":25,"column":79},"end":{"line":38,"column":1}},"line":25},"1":{"name":"(anonymous_1)","decl":{"start":{"line":30,"column":27},"end":{"line":30,"column":28}},"loc":{"start":{"line":31,"column":4},"end":{"line":31,"column":49}},"line":31},"2":{"name":"(anonymous_2)","decl":{"start":{"line":51,"column":26},"end":{"line":51,"column":27}},"loc":{"start":{"line":51,"column":32},"end":{"line":57,"column":1}},"line":51}},"branchMap":{"0":{"loc":{"start":{"line":28,"column":51},"end":{"line":28,"column":69}},"type":"binary-expr","locations":[{"start":{"line":28,"column":51},"end":{"line":28,"column":63}},{"start":{"line":28,"column":67},"end":{"line":28,"column":69}}],"line":28}},"s":{"0":1,"1":1,"2":4,"3":4,"4":4,"5":5,"6":4,"7":1,"8":1},"f":{"0":4,"1":5,"2":1},"b":{"0":[4,2]},"_coverageSchema":"1a1c01bbd47fc00a2c39e90264f33305004495a9","hash":"8953ee609a8dd82d29d40cbe8495e3ae3d69bb28"}
,"C:\\Drafts\\react-course\\e-commerce\\client\\src\\store\\features\\cart\\reducers.ts": {"path":"C:\\Drafts\\react-course\\e-commerce\\client\\src\\store\\features\\cart\\reducers.ts","statementMap":{"0":{"start":{"line":7,"column":39},"end":{"line":10,"column":1}},"1":{"start":{"line":12,"column":34},"end":{"line":17,"column":1}},"2":{"start":{"line":13,"column":2},"end":{"line":16,"column":4}},"3":{"start":{"line":19,"column":23},"end":{"line":42,"column":1}},"4":{"start":{"line":20,"column":2},"end":{"line":41,"column":3}},"5":{"start":{"line":22,"column":6},"end":{"line":22,"column":49}},"6":{"start":{"line":25,"column":6},"end":{"line":25,"column":47}},"7":{"start":{"line":28,"column":6},"end":{"line":28,"column":51}},"8":{"start":{"line":31,"column":6},"end":{"line":31,"column":73}},"9":{"start":{"line":34,"column":6},"end":{"line":34,"column":49}},"10":{"start":{"line":37,"column":6},"end":{"line":37,"column":37}},"11":{"start":{"line":40,"column":6},"end":{"line":40,"column":19}}},"fnMap":{"0":{"name":"(anonymous_0)","decl":{"start":{"line":12,"column":34},"end":{"line":12,"column":35}},"loc":{"start":{"line":12,"column":61},"end":{"line":17,"column":1}},"line":12},"1":{"name":"(anonymous_1)","decl":{"start":{"line":19,"column":23},"end":{"line":19,"column":24}},"loc":{"start":{"line":19,"column":76},"end":{"line":42,"column":1}},"line":19}},"branchMap":{"0":{"loc":{"start":{"line":19,"column":24},"end":{"line":19,"column":44}},"type":"default-arg","locations":[{"start":{"line":19,"column":32},"end":{"line":19,"column":44}}],"line":19},"1":{"loc":{"start":{"line":20,"column":2},"end":{"line":41,"column":3}},"type":"switch","locations":[{"start":{"line":21,"column":4},"end":{"line":22,"column":49}},{"start":{"line":24,"column":4},"end":{"line":25,"column":47}},{"start":{"line":27,"column":4},"end":{"line":28,"column":51}},{"start":{"line":30,"column":4},"end":{"line":31,"column":73}},{"start":{"line":33,"column":4},"end":{"line":34,"column":49}},{"start":{"line":36,"column":4},"end":{"line":37,"column":37}},{"start":{"line":39,"column":4},"end":{"line":40,"column":19}}],"line":20}},"s":{"0":1,"1":1,"2":0,"3":1,"4":5,"5":0,"6":0,"7":0,"8":0,"9":0,"10":0,"11":5},"f":{"0":0,"1":5},"b":{"0":[3],"1":[0,0,0,0,0,0,5]},"_coverageSchema":"1a1c01bbd47fc00a2c39e90264f33305004495a9","hash":"2ad81e114e41ade35ea7881313051372cd3180c4"}
,"C:\\Drafts\\react-course\\e-commerce\\client\\src\\store\\features\\cart\\sagas.ts": {"path":"C:\\Drafts\\react-course\\e-commerce\\client\\src\\store\\features\\cart\\sagas.ts","statementMap":{"0":{"start":{"line":19,"column":2},"end":{"line":19,"column":25}},"1":{"start":{"line":23,"column":2},"end":{"line":34,"column":3}},"2":{"start":{"line":24,"column":37},"end":{"line":24,"column":75}},"3":{"start":{"line":25,"column":47},"end":{"line":25,"column":66}},"4":{"start":{"line":27,"column":17},"end":{"line":27,"column":36}},"5":{"start":{"line":29,"column":4},"end":{"line":31,"column":5}},"6":{"start":{"line":30,"column":6},"end":{"line":30,"column":46}},"7":{"start":{"line":33,"column":4},"end":{"line":33,"column":50}},"8":{"start":{"line":38,"column":2},"end":{"line":51,"column":3}},"9":{"start":{"line":39,"column":23},"end":{"line":39,"column":47}},"10":{"start":{"line":41,"column":4},"end":{"line":43,"column":5}},"11":{"start":{"line":42,"column":6},"end":{"line":42,"column":13}},"12":{"start":{"line":45,"column":37},"end":{"line":45,"column":72}},"13":{"start":{"line":46,"column":39},"end":{"line":46,"column":68}},"14":{"start":{"line":48,"column":4},"end":{"line":48,"column":40}},"15":{"start":{"line":50,"column":4},"end":{"line":50,"column":50}},"16":{"start":{"line":55,"column":2},"end":{"line":55,"column":64}},"17":{"start":{"line":59,"column":2},"end":{"line":59,"column":75}},"18":{"start":{"line":63,"column":2},"end":{"line":70,"column":4}},"19":{"start":{"line":74,"column":16},"end":{"line":78,"column":3}},"20":{"start":{"line":80,"column":2},"end":{"line":80,"column":39}},"21":{"start":{"line":80,"column":29},"end":{"line":80,"column":36}}},"fnMap":{"0":{"name":"clearCartWorker","decl":{"start":{"line":18,"column":10},"end":{"line":18,"column":25}},"loc":{"start":{"line":18,"column":28},"end":{"line":20,"column":1}},"line":18},"1":{"name":"checkCartFromDatabaseWorker","decl":{"start":{"line":22,"column":10},"end":{"line":22,"column":37}},"loc":{"start":{"line":22,"column":66},"end":{"line":35,"column":1}},"line":22},"2":{"name":"updateCartItemsWorker","decl":{"start":{"line":37,"column":10},"end":{"line":37,"column":31}},"loc":{"start":{"line":37,"column":34},"end":{"line":52,"column":1}},"line":37},"3":{"name":"onSignOutSuccessWatcher","decl":{"start":{"line":54,"column":10},"end":{"line":54,"column":33}},"loc":{"start":{"line":54,"column":36},"end":{"line":56,"column":1}},"line":54},"4":{"name":"onSignInSuccessWatcher","decl":{"start":{"line":58,"column":10},"end":{"line":58,"column":32}},"loc":{"start":{"line":58,"column":35},"end":{"line":60,"column":1}},"line":58},"5":{"name":"updateCartItemsWatcher","decl":{"start":{"line":62,"column":10},"end":{"line":62,"column":32}},"loc":{"start":{"line":62,"column":35},"end":{"line":71,"column":1}},"line":62},"6":{"name":"cartWatcher","decl":{"start":{"line":73,"column":17},"end":{"line":73,"column":28}},"loc":{"start":{"line":73,"column":31},"end":{"line":81,"column":1}},"line":73},"7":{"name":"(anonymous_7)","decl":{"start":{"line":80,"column":22},"end":{"line":80,"column":23}},"loc":{"start":{"line":80,"column":29},"end":{"line":80,"column":36}},"line":80}},"branchMap":{"0":{"loc":{"start":{"line":29,"column":4},"end":{"line":31,"column":5}},"type":"if","locations":[{"start":{"line":29,"column":4},"end":{"line":31,"column":5}},{"start":{"line":29,"column":4},"end":{"line":31,"column":5}}],"line":29},"1":{"loc":{"start":{"line":41,"column":4},"end":{"line":43,"column":5}},"type":"if","locations":[{"start":{"line":41,"column":4},"end":{"line":43,"column":5}},{"start":{"line":41,"column":4},"end":{"line":43,"column":5}}],"line":41}},"s":{"0":0,"1":0,"2":0,"3":0,"4":0,"5":0,"6":0,"7":0,"8":0,"9":0,"10":0,"11":0,"12":0,"13":0,"14":0,"15":0,"16":1,"17":1,"18":1,"19":1,"20":1,"21":3},"f":{"0":0,"1":0,"2":0,"3":1,"4":1,"5":1,"6":1,"7":3},"b":{"0":[0,0],"1":[0,0]},"_coverageSchema":"1a1c01bbd47fc00a2c39e90264f33305004495a9","hash":"b220387d1dd658aaa529a1c8ed414bf6a6ac519c"}
,"C:\\Drafts\\react-course\\e-commerce\\client\\src\\store\\features\\directory\\reducers.ts": {"path":"C:\\Drafts\\react-course\\e-commerce\\client\\src\\store\\features\\directory\\reducers.ts","statementMap":{"0":{"start":{"line":5,"column":44},"end":{"line":40,"column":1}},"1":{"start":{"line":42,"column":23},"end":{"line":50,"column":1}},"2":{"start":{"line":46,"column":2},"end":{"line":49,"column":3}},"3":{"start":{"line":48,"column":6},"end":{"line":48,"column":19}}},"fnMap":{"0":{"name":"(anonymous_0)","decl":{"start":{"line":42,"column":23},"end":{"line":42,"column":24}},"loc":{"start":{"line":45,"column":21},"end":{"line":50,"column":1}},"line":45}},"branchMap":{"0":{"loc":{"start":{"line":43,"column":2},"end":{"line":43,"column":22}},"type":"default-arg","locations":[{"start":{"line":43,"column":10},"end":{"line":43,"column":22}}],"line":43},"1":{"loc":{"start":{"line":46,"column":2},"end":{"line":49,"column":3}},"type":"switch","locations":[{"start":{"line":47,"column":4},"end":{"line":48,"column":19}}],"line":46}},"s":{"0":1,"1":1,"2":5,"3":5},"f":{"0":5},"b":{"0":[3],"1":[5]},"_coverageSchema":"1a1c01bbd47fc00a2c39e90264f33305004495a9","hash":"9eb1063a20f1698e71bf2a1cbe2f55df43216651"}
,"C:\\Drafts\\react-course\\e-commerce\\client\\src\\store\\features\\shop\\reducers.ts": {"path":"C:\\Drafts\\react-course\\e-commerce\\client\\src\\store\\features\\shop\\reducers.ts","statementMap":{"0":{"start":{"line":6,"column":39},"end":{"line":10,"column":1}},"1":{"start":{"line":12,"column":23},"end":{"line":31,"column":1}},"2":{"start":{"line":13,"column":2},"end":{"line":30,"column":3}},"3":{"start":{"line":15,"column":6},"end":{"line":15,"column":43}},"4":{"start":{"line":18,"column":6},"end":{"line":18,"column":73}},"5":{"start":{"line":21,"column":6},"end":{"line":26,"column":8}},"6":{"start":{"line":29,"column":6},"end":{"line":29,"column":19}}},"fnMap":{"0":{"name":"(anonymous_0)","decl":{"start":{"line":12,"column":23},"end":{"line":12,"column":24}},"loc":{"start":{"line":12,"column":76},"end":{"line":31,"column":1}},"line":12}},"branchMap":{"0":{"loc":{"start":{"line":12,"column":24},"end":{"line":12,"column":44}},"type":"default-arg","locations":[{"start":{"line":12,"column":32},"end":{"line":12,"column":44}}],"line":12},"1":{"loc":{"start":{"line":13,"column":2},"end":{"line":30,"column":3}},"type":"switch","locations":[{"start":{"line":14,"column":4},"end":{"line":15,"column":43}},{"start":{"line":17,"column":4},"end":{"line":18,"column":73}},{"start":{"line":20,"column":4},"end":{"line":26,"column":8}},{"start":{"line":28,"column":4},"end":{"line":29,"column":19}}],"line":13}},"s":{"0":1,"1":1,"2":5,"3":0,"4":0,"5":0,"6":5},"f":{"0":5},"b":{"0":[3],"1":[0,0,0,5]},"_coverageSchema":"1a1c01bbd47fc00a2c39e90264f33305004495a9","hash":"c97da9696345c8b59e5c0df3f802a8c176a94ac0"}
,"C:\\Drafts\\react-course\\e-commerce\\client\\src\\store\\features\\user\\reducers.ts": {"path":"C:\\Drafts\\react-course\\e-commerce\\client\\src\\store\\features\\user\\reducers.ts","statementMap":{"0":{"start":{"line":12,"column":39},"end":{"line":16,"column":1}},"1":{"start":{"line":18,"column":23},"end":{"line":51,"column":1}},"2":{"start":{"line":19,"column":2},"end":{"line":50,"column":3}},"3":{"start":{"line":23,"column":6},"end":{"line":23,"column":43}},"4":{"start":{"line":26,"column":6},"end":{"line":31,"column":8}},"5":{"start":{"line":34,"column":6},"end":{"line":38,"column":8}},"6":{"start":{"line":41,"column":6},"end":{"line":41,"column":44}},"7":{"start":{"line":46,"column":6},"end":{"line":46,"column":67}},"8":{"start":{"line":49,"column":6},"end":{"line":49,"column":19}}},"fnMap":{"0":{"name":"(anonymous_0)","decl":{"start":{"line":18,"column":23},"end":{"line":18,"column":24}},"loc":{"start":{"line":18,"column":76},"end":{"line":51,"column":1}},"line":18}},"branchMap":{"0":{"loc":{"start":{"line":18,"column":24},"end":{"line":18,"column":44}},"type":"default-arg","locations":[{"start":{"line":18,"column":32},"end":{"line":18,"column":44}}],"line":18},"1":{"loc":{"start":{"line":19,"column":2},"end":{"line":50,"column":3}},"type":"switch","locations":[{"start":{"line":20,"column":4},"end":{"line":20,"column":38}},{"start":{"line":21,"column":4},"end":{"line":21,"column":37}},{"start":{"line":22,"column":4},"end":{"line":23,"column":43}},{"start":{"line":25,"column":4},"end":{"line":31,"column":8}},{"start":{"line":33,"column":4},"end":{"line":38,"column":8}},{"start":{"line":40,"column":4},"end":{"line":41,"column":44}},{"start":{"line":43,"column":4},"end":{"line":43,"column":31}},{"start":{"line":44,"column":4},"end":{"line":44,"column":32}},{"start":{"line":45,"column":4},"end":{"line":46,"column":67}},{"start":{"line":48,"column":4},"end":{"line":49,"column":19}}],"line":19}},"s":{"0":1,"1":1,"2":5,"3":0,"4":0,"5":0,"6":0,"7":0,"8":5},"f":{"0":5},"b":{"0":[3],"1":[0,0,0,0,0,0,0,0,0,5]},"_coverageSchema":"1a1c01bbd47fc00a2c39e90264f33305004495a9","hash":"1cd35920260f1ebae9e7dc1007fb525aa01d38e1"}
,"C:\\Drafts\\react-course\\e-commerce\\client\\src\\views\\components\\button\\button.tsx": {"path":"C:\\Drafts\\react-course\\e-commerce\\client\\src\\views\\components\\button\\button.tsx","statementMap":{"0":{"start":{"line":6,"column":39},"end":{"line":17,"column":1}},"1":{"start":{"line":12,"column":2},"end":{"line":16,"column":4}}},"fnMap":{"0":{"name":"(anonymous_0)","decl":{"start":{"line":6,"column":39},"end":{"line":6,"column":40}},"loc":{"start":{"line":11,"column":6},"end":{"line":17,"column":1}},"line":11}},"branchMap":{"0":{"loc":{"start":{"line":8,"column":2},"end":{"line":8,"column":12}},"type":"default-arg","locations":[{"start":{"line":8,"column":10},"end":{"line":8,"column":12}}],"line":8},"1":{"loc":{"start":{"line":9,"column":2},"end":{"line":9,"column":16}},"type":"default-arg","locations":[{"start":{"line":9,"column":14},"end":{"line":9,"column":16}}],"line":9}},"s":{"0":2,"1":2},"f":{"0":2},"b":{"0":[2],"1":[1]},"_coverageSchema":"1a1c01bbd47fc00a2c39e90264f33305004495a9","hash":"af2333689425a042e697fba511c8b4aaff34a099"}
,"C:\\Drafts\\react-course\\e-commerce\\client\\src\\views\\components\\collection-preview\\collection-preview.tsx": {"path":"C:\\Drafts\\react-course\\e-commerce\\client\\src\\views\\components\\collection-preview\\collection-preview.tsx","statementMap":{"0":{"start":{"line":9,"column":61},"end":{"line":26,"column":1}},"1":{"start":{"line":11,"column":20},"end":{"line":17,"column":5}},"2":{"start":{"line":13,"column":8},"end":{"line":15,"column":70}},"3":{"start":{"line":14,"column":30},"end":{"line":14,"column":37}},"4":{"start":{"line":15,"column":25},"end":{"line":15,"column":69}},"5":{"start":{"line":19,"column":4},"end":{"line":24,"column":6}}},"fnMap":{"0":{"name":"(anonymous_0)","decl":{"start":{"line":10,"column":2},"end":{"line":10,"column":3}},"loc":{"start":{"line":10,"column":24},"end":{"line":25,"column":3}},"line":10},"1":{"name":"(anonymous_1)","decl":{"start":{"line":12,"column":6},"end":{"line":12,"column":7}},"loc":{"start":{"line":13,"column":8},"end":{"line":15,"column":70}},"line":13},"2":{"name":"(anonymous_2)","decl":{"start":{"line":14,"column":18},"end":{"line":14,"column":19}},"loc":{"start":{"line":14,"column":30},"end":{"line":14,"column":37}},"line":14},"3":{"name":"(anonymous_3)","decl":{"start":{"line":15,"column":15},"end":{"line":15,"column":16}},"loc":{"start":{"line":15,"column":25},"end":{"line":15,"column":69}},"line":15}},"branchMap":{},"s":{"0":0,"1":0,"2":0,"3":0,"4":0,"5":0},"f":{"0":0,"1":0,"2":0,"3":0},"b":{}}
,"C:\\Drafts\\react-course\\e-commerce\\client\\src\\views\\components\\header\\header.tsx": {"path":"C:\\Drafts\\react-course\\e-commerce\\client\\src\\views\\components\\header\\header.tsx","statementMap":{"0":{"start":{"line":18,"column":29},"end":{"line":18,"column":43}},"1":{"start":{"line":19,"column":23},"end":{"line":19,"column":37}},"2":{"start":{"line":21,"column":26},"end":{"line":47,"column":2}},"3":{"start":{"line":22,"column":17},"end":{"line":22,"column":51}},"4":{"start":{"line":23,"column":15},"end":{"line":23,"column":43}},"5":{"start":{"line":24,"column":29},"end":{"line":24,"column":41}},"6":{"start":{"line":26,"column":2},"end":{"line":46,"column":4}}},"fnMap":{"0":{"name":"(anonymous_0)","decl":{"start":{"line":21,"column":31},"end":{"line":21,"column":32}},"loc":{"start":{"line":21,"column":37},"end":{"line":47,"column":1}},"line":21}},"branchMap":{"0":{"loc":{"start":{"line":35,"column":9},"end":{"line":41,"column":9}},"type":"cond-expr","locations":[{"start":{"line":36,"column":10},"end":{"line":38,"column":23}},{"start":{"line":40,"column":10},"end":{"line":40,"column":53}}],"line":35},"1":{"loc":{"start":{"line":44,"column":7},"end":{"line":44,"column":34}},"type":"binary-expr","locations":[{"start":{"line":44,"column":7},"end":{"line":44,"column":14}},{"start":{"line":44,"column":18},"end":{"line":44,"column":34}}],"line":44}},"s":{"0":1,"1":1,"2":1,"3":5,"4":5,"5":5,"6":5},"f":{"0":5},"b":{"0":[2,3],"1":[5,1]},"_coverageSchema":"1a1c01bbd47fc00a2c39e90264f33305004495a9","hash":"616cc9521b0602791ff397ac162a42bada22eff9"}
,"C:\\Drafts\\react-course\\e-commerce\\client\\src\\views\\components\\menu-item\\menu-item.tsx": {"path":"C:\\Drafts\\react-course\\e-commerce\\client\\src\\views\\components\\menu-item\\menu-item.tsx","statementMap":{"0":{"start":{"line":14,"column":21},"end":{"line":16,"column":1}},"1":{"start":{"line":18,"column":36},"end":{"line":39,"column":1}},"2":{"start":{"line":20,"column":20},"end":{"line":20,"column":32}},"3":{"start":{"line":21,"column":18},"end":{"line":21,"column":33}},"4":{"start":{"line":23,"column":59},"end":{"line":27,"column":5}},"5":{"start":{"line":24,"column":18},"end":{"line":24,"column":42}},"6":{"start":{"line":26,"column":6},"end":{"line":26,"column":24}},"7":{"start":{"line":29,"column":4},"end":{"line":37,"column":6}},"8":{"start":{"line":41,"column":0},"end":{"line":41,"column":37}}},"fnMap":{"0":{"name":"(anonymous_0)","decl":{"start":{"line":19,"column":2},"end":{"line":19,"column":3}},"loc":{"start":{"line":19,"column":42},"end":{"line":38,"column":3}},"line":19},"1":{"name":"(anonymous_1)","decl":{"start":{"line":23,"column":59},"end":{"line":23,"column":60}},"loc":{"start":{"line":23,"column":65},"end":{"line":27,"column":5}},"line":23}},"branchMap":{},"s":{"0":1,"1":1,"2":1,"3":1,"4":1,"5":0,"6":0,"7":1,"8":1},"f":{"0":1,"1":0},"b":{},"_coverageSchema":"1a1c01bbd47fc00a2c39e90264f33305004495a9","hash":"f19396b597ff4b41e7682d5090e1ac0a328474c9"}
,"C:\\Drafts\\react-course\\e-commerce\\client\\src\\views\\components\\menu-item\\menu-item.types.ts": {"path":"C:\\Drafts\\react-course\\e-commerce\\client\\src\\views\\components\\menu-item\\menu-item.types.ts","statementMap":{},"fnMap":{},"branchMap":{},"s":{},"f":{},"b":{}}
,"C:\\Drafts\\react-course\\e-commerce\\client\\src\\views\\components\\sign-in\\sign-in.tsx": {"path":"C:\\Drafts\\react-course\\e-commerce\\client\\src\\views\\components\\sign-in\\sign-in.tsx","statementMap":{"0":{"start":{"line":11,"column":21},"end":{"line":14,"column":1}},"1":{"start":{"line":12,"column":22},"end":{"line":12,"column":44}},"2":{"start":{"line":16,"column":19},"end":{"line":61,"column":2}},"3":{"start":{"line":17,"column":28},"end":{"line":17,"column":63}},"4":{"start":{"line":18,"column":54},"end":{"line":18,"column":66}},"5":{"start":{"line":20,"column":37},"end":{"line":24,"column":3}},"6":{"start":{"line":21,"column":28},"end":{"line":21,"column":40}},"7":{"start":{"line":23,"column":4},"end":{"line":23,"column":63}},"8":{"start":{"line":23,"column":29},"end":{"line":23,"column":60}},"9":{"start":{"line":26,"column":37},"end":{"line":31,"column":3}},"10":{"start":{"line":27,"column":4},"end":{"line":27,"column":27}},"11":{"start":{"line":28,"column":32},"end":{"line":28,"column":37}},"12":{"start":{"line":30,"column":4},"end":{"line":30,"column":44}},"13":{"start":{"line":33,"column":21},"end":{"line":42,"column":4}},"14":{"start":{"line":34,"column":4},"end":{"line":41,"column":15}},"15":{"start":{"line":44,"column":2},"end":{"line":60,"column":4}}},"fnMap":{"0":{"name":"(anonymous_0)","decl":{"start":{"line":12,"column":2},"end":{"line":12,"column":3}},"loc":{"start":{"line":12,"column":22},"end":{"line":12,"column":44}},"line":12},"1":{"name":"(anonymous_1)","decl":{"start":{"line":16,"column":24},"end":{"line":16,"column":25}},"loc":{"start":{"line":16,"column":30},"end":{"line":61,"column":1}},"line":16},"2":{"name":"(anonymous_2)","decl":{"start":{"line":20,"column":37},"end":{"line":20,"column":38}},"loc":{"start":{"line":20,"column":48},"end":{"line":24,"column":3}},"line":20},"3":{"name":"(anonymous_3)","decl":{"start":{"line":23,"column":13},"end":{"line":23,"column":14}},"loc":{"start":{"line":23,"column":29},"end":{"line":23,"column":60}},"line":23},"4":{"name":"(anonymous_4)","decl":{"start":{"line":26,"column":37},"end":{"line":26,"column":38}},"loc":{"start":{"line":26,"column":54},"end":{"line":31,"column":3}},"line":26},"5":{"name":"(anonymous_5)","decl":{"start":{"line":33,"column":30},"end":{"line":33,"column":31}},"loc":{"start":{"line":34,"column":4},"end":{"line":41,"column":15}},"line":34}},"branchMap":{},"s":{"0":0,"1":0,"2":0,"3":0,"4":0,"5":0,"6":0,"7":0,"8":0,"9":0,"10":0,"11":0,"12":0,"13":0,"14":0,"15":0},"f":{"0":0,"1":0,"2":0,"3":0,"4":0,"5":0},"b":{}}
}
