TN:
SF:src\index.tsx
FNF:0
FNH:0
DA:23,0
DA:39,0
LF:2
LH:0
BRF:0
BRH:0
end_of_record
TN:
SF:src\test-utils.tsx
FN:25,(anonymous_0)
FN:30,(anonymous_1)
FN:51,(anonymous_2)
FNF:3
FNH:3
FNDA:4,(anonymous_0)
FNDA:5,(anonymous_1)
FNDA:1,(anonymous_2)
DA:14,1
DA:25,1
DA:26,4
DA:28,4
DA:30,4
DA:31,5
DA:34,4
DA:51,1
DA:52,1
LF:9
LH:9
BRDA:28,0,0,4
BRDA:28,0,1,2
BRF:2
BRH:2
end_of_record
TN:
SF:src\store\features\cart\reducers.ts
FN:12,(anonymous_0)
FN:19,(anonymous_1)
FNF:2
FNH:1
FNDA:0,(anonymous_0)
FNDA:5,(anonymous_1)
DA:7,1
DA:12,1
DA:13,0
DA:19,1
DA:20,5
DA:22,0
DA:25,0
DA:28,0
DA:31,0
DA:34,0
DA:37,0
DA:40,5
LF:12
LH:5
BRDA:19,0,0,3
BRDA:20,1,0,0
BRDA:20,1,1,0
BRDA:20,1,2,0
BRDA:20,1,3,0
BRDA:20,1,4,0
BRDA:20,1,5,0
BRDA:20,1,6,5
BRF:8
BRH:2
end_of_record
TN:
SF:src\store\features\cart\sagas.ts
FN:18,clearCartWorker
FN:22,checkCartFromDatabaseWorker
FN:37,updateCartItemsWorker
FN:54,onSignOutSuccessWatcher
FN:58,onSignInSuccessWatcher
FN:62,updateCartItemsWatcher
FN:73,cartWatcher
FN:80,(anonymous_7)
FNF:8
FNH:5
FNDA:0,clearCartWorker
FNDA:0,checkCartFromDatabaseWorker
FNDA:0,updateCartItemsWorker
FNDA:1,onSignOutSuccessWatcher
FNDA:1,onSignInSuccessWatcher
FNDA:1,updateCartItemsWatcher
FNDA:1,cartWatcher
FNDA:3,(anonymous_7)
DA:19,0
DA:23,0
DA:24,0
DA:25,0
DA:27,0
DA:29,0
DA:30,0
DA:33,0
DA:38,0
DA:39,0
DA:41,0
DA:42,0
DA:45,0
DA:46,0
DA:48,0
DA:50,0
DA:55,1
DA:59,1
DA:63,1
DA:74,1
DA:80,3
LF:21
LH:5
BRDA:29,0,0,0
BRDA:29,0,1,0
BRDA:41,1,0,0
BRDA:41,1,1,0
BRF:4
BRH:0
end_of_record
TN:
SF:src\store\features\directory\reducers.ts
FN:42,(anonymous_0)
FNF:1
FNH:1
FNDA:5,(anonymous_0)
DA:5,1
DA:42,1
DA:46,5
DA:48,5
LF:4
LH:4
BRDA:43,0,0,3
BRDA:46,1,0,5
BRF:2
BRH:2
end_of_record
TN:
SF:src\store\features\shop\reducers.ts
FN:12,(anonymous_0)
FNF:1
FNH:1
FNDA:5,(anonymous_0)
DA:6,1
DA:12,1
DA:13,5
DA:15,0
DA:18,0
DA:21,0
DA:29,5
LF:7
LH:4
BRDA:12,0,0,3
BRDA:13,1,0,0
BRDA:13,1,1,0
BRDA:13,1,2,0
BRDA:13,1,3,5
BRF:5
BRH:2
end_of_record
TN:
SF:src\store\features\user\reducers.ts
FN:18,(anonymous_0)
FNF:1
FNH:1
FNDA:5,(anonymous_0)
DA:12,1
DA:18,1
DA:19,5
DA:23,0
DA:26,0
DA:34,0
DA:41,0
DA:46,0
DA:49,5
LF:9
LH:4
BRDA:18,0,0,3
BRDA:19,1,0,0
BRDA:19,1,1,0
BRDA:19,1,2,0
BRDA:19,1,3,0
BRDA:19,1,4,0
BRDA:19,1,5,0
BRDA:19,1,6,0
BRDA:19,1,7,0
BRDA:19,1,8,0
BRDA:19,1,9,5
BRF:11
BRH:2
end_of_record
TN:
SF:src\views\components\button\button.tsx
FN:6,(anonymous_0)
FNF:1
FNH:1
FNDA:2,(anonymous_0)
DA:6,2
DA:12,2
LF:2
LH:2
BRDA:8,0,0,2
BRDA:9,1,0,1
BRF:2
BRH:2
end_of_record
TN:
SF:src\views\components\collection-preview\collection-preview.tsx
FN:10,(anonymous_0)
FN:12,(anonymous_1)
FN:14,(anonymous_2)
FN:15,(anonymous_3)
FNF:4
FNH:0
FNDA:0,(anonymous_0)
FNDA:0,(anonymous_1)
FNDA:0,(anonymous_2)
FNDA:0,(anonymous_3)
DA:9,0
DA:11,0
DA:13,0
DA:14,0
DA:15,0
DA:19,0
LF:6
LH:0
BRF:0
BRH:0
end_of_record
TN:
SF:src\views\components\header\header.tsx
FN:21,(anonymous_0)
FNF:1
FNH:1
FNDA:5,(anonymous_0)
DA:18,1
DA:19,1
DA:21,1
DA:22,5
DA:23,5
DA:24,5
DA:26,5
LF:7
LH:7
BRDA:35,0,0,2
BRDA:35,0,1,3
BRDA:44,1,0,5
BRDA:44,1,1,1
BRF:4
BRH:4
end_of_record
TN:
SF:src\views\components\menu-item\menu-item.tsx
FN:19,(anonymous_0)
FN:23,(anonymous_1)
FNF:2
FNH:1
FNDA:1,(anonymous_0)
FNDA:0,(anonymous_1)
DA:14,1
DA:18,1
DA:20,1
DA:21,1
DA:23,1
DA:24,0
DA:26,0
DA:29,1
DA:41,1
LF:9
LH:7
BRF:0
BRH:0
end_of_record
TN:
SF:src\views\components\menu-item\menu-item.types.ts
FNF:0
FNH:0
LF:0
LH:0
BRF:0
BRH:0
end_of_record
TN:
SF:src\views\components\sign-in\sign-in.tsx
FN:12,(anonymous_0)
FN:16,(anonymous_1)
FN:20,(anonymous_2)
FN:23,(anonymous_3)
FN:26,(anonymous_4)
FN:33,(anonymous_5)
FNF:6
FNH:0
FNDA:0,(anonymous_0)
FNDA:0,(anonymous_1)
FNDA:0,(anonymous_2)
FNDA:0,(anonymous_3)
FNDA:0,(anonymous_4)
FNDA:0,(anonymous_5)
DA:11,0
DA:12,0
DA:16,0
DA:17,0
DA:18,0
DA:20,0
DA:21,0
DA:23,0
DA:26,0
DA:27,0
DA:28,0
DA:30,0
DA:33,0
DA:34,0
DA:44,0
LF:15
LH:0
BRF:0
BRH:0
end_of_record
